2022-01-19 22:38:52 INFO  Log:11 - =====================================loginTest TEST START=========================================
2022-01-19 22:38:52 INFO  Log:23 - User is clickingon Sign In
2022-01-19 22:38:59 INFO  Log:23 - User is entering username and password
2022-01-19 22:39:07 INFO  Log:23 - Verifying if user is able to login
2022-01-19 22:39:07 INFO  Log:23 - Login successful
2022-01-19 22:39:07 INFO  Log:16 - =====================================loginTest TEST END=========================================
2022-01-19 23:08:45 INFO  Log:11 - =====================================loginTest TEST START=========================================
2022-01-19 23:08:45 INFO  Log:23 - User is clicking on Sign In
2022-01-19 23:08:55 INFO  Log:23 - User is entering username and password
2022-01-19 23:08:58 INFO  Log:23 - Verifying if user is able to login
2022-01-19 23:08:58 INFO  Log:23 - Login successful
2022-01-19 23:08:58 INFO  Log:16 - =====================================loginTest TEST END=========================================
2022-01-19 23:15:52 INFO  Log:11 - =====================================loginTest TEST START=========================================
2022-01-19 23:15:52 INFO  Log:23 - User is clicking on Sign In
2022-01-19 23:15:57 INFO  Log:23 - User is entering username and password
2022-01-19 23:16:01 INFO  Log:23 - Verifying if user is able to login
2022-01-19 23:16:01 INFO  Log:23 - Login successful
2022-01-19 23:16:01 INFO  Log:16 - =====================================loginTest TEST END=========================================
2022-01-19 23:54:38 INFO  Log:11 - =====================================loginTest TEST START=========================================
2022-01-19 23:54:38 INFO  Log:23 - User is clicking on Sign In
2022-01-19 23:54:41 INFO  Log:23 - User is entering username and password
2022-01-19 23:54:46 INFO  Log:23 - Verifying if user is able to login
2022-01-19 23:54:46 INFO  Log:23 - Login successful
2022-01-19 23:54:46 INFO  Log:16 - =====================================loginTest TEST END=========================================
